0 info it worked if it ends with ok
1 verbose cli [ 'node', '/usr/local/bin/npm', 'install', 'Console.js' ]
2 info using npm@1.3.24
3 info using node@v0.10.25
4 verbose readDependencies using package.json deps
5 verbose cache add [ 'Console.js', null ]
6 verbose cache add name=undefined spec="Console.js" args=["Console.js",null]
7 verbose parsed url { protocol: null,
7 verbose parsed url   slashes: null,
7 verbose parsed url   auth: null,
7 verbose parsed url   host: null,
7 verbose parsed url   port: null,
7 verbose parsed url   hostname: null,
7 verbose parsed url   hash: null,
7 verbose parsed url   search: null,
7 verbose parsed url   query: null,
7 verbose parsed url   pathname: 'Console.js',
7 verbose parsed url   path: 'Console.js',
7 verbose parsed url   href: 'Console.js' }
8 silly lockFile 318a9294-Console-js Console.js
9 verbose lock Console.js /Users/ChristopherChan/.npm/318a9294-Console-js.lock
10 silly lockFile 318a9294-Console-js Console.js
11 silly lockFile 318a9294-Console-js Console.js
12 verbose addNamed [ 'Console.js', '' ]
13 verbose addNamed [ null, '*' ]
14 silly lockFile e243504a-Console-js Console.js@
15 verbose lock Console.js@ /Users/ChristopherChan/.npm/e243504a-Console-js.lock
16 silly addNameRange { name: 'Console.js', range: '*', hasData: false }
17 verbose url raw Console.js
18 verbose url resolving [ 'https://registry.npmjs.org/', './Console.js' ]
19 verbose url resolved https://registry.npmjs.org/Console.js
20 info trying registry request attempt 1 at 02:49:37
21 http GET https://registry.npmjs.org/Console.js
22 http 404 https://registry.npmjs.org/Console.js
23 silly registry.get cb [ 404,
23 silly registry.get   { date: 'Sat, 18 Oct 2014 06:49:38 GMT',
23 silly registry.get     server: 'CouchDB/1.5.0 (Erlang OTP/R16B03)',
23 silly registry.get     'content-type': 'application/json',
23 silly registry.get     'cache-control': 'max-age=0',
23 silly registry.get     'content-length': '52',
23 silly registry.get     'accept-ranges': 'bytes',
23 silly registry.get     via: '1.1 varnish',
23 silly registry.get     age: '0',
23 silly registry.get     'x-served-by': 'cache-jfk1022-JFK',
23 silly registry.get     'x-cache': 'MISS',
23 silly registry.get     'x-cache-hits': '0',
23 silly registry.get     'x-timer': 'S1413614978.313265,VS0,VE75',
23 silly registry.get     'keep-alive': 'timeout=10, max=50',
23 silly registry.get     connection: 'Keep-Alive' } ]
24 silly lockFile e243504a-Console-js Console.js@
25 silly lockFile e243504a-Console-js Console.js@
26 error 404 'Console.js' is not in the npm registry.
26 error 404 You should bug the author to publish it
26 error 404 It was specified as a dependency of 'socket.io-chat'
26 error 404
26 error 404 Maybe try 'npm search  onsole'
26 error 404
26 error 404 Note that you can also install from a
26 error 404 tarball, folder, or http url, or git url.
27 error System Darwin 14.0.0
28 error command "node" "/usr/local/bin/npm" "install" "Console.js"
29 error cwd /Users/ChristopherChan/Documents/Coding/Sentiment-Analysis-Stock-Analysis
30 error node -v v0.10.25
31 error npm -v 1.3.24
32 error code E404
33 verbose exit [ 1, true ]
